----------------------------------------------------------------------------------------------------------------------------------------------------------
      name:  <unnamed>
       log:  V:\ic\jzhang+\ivreg_overlapping.log
  log type:  text
 opened on:   6 Nov 2020, 15:43:31

.  
. ********************************************************************************************************** 
. * table 3 d5_mfg_sh_wap
. ********************************************************************************************************** 
. ivregress 2sls d5_mfg_sh_wap (d5_ipw=d5_ipw_o) [aw=wt_emp_i], first cluster(fipstate)
(sum of wgt is   1.7721e+09)

First-stage regressions
-----------------------

                                                Number of obs     =     62,613
                                                No. of clusters   =         50
                                                F(   1,  62611)   =     509.67
                                                Prob > F          =     0.0000
                                                R-squared         =     0.7278
                                                Adj R-squared     =     0.7278
                                                Root MSE          =     0.6814

------------------------------------------------------------------------------
             |               Robust
      d5_ipw |      Coef.   Std. Err.      t    P>|t|     [95% Conf. Interval]
-------------+----------------------------------------------------------------
    d5_ipw_o |   1.020664   .0452103    22.58   0.000     .9320522    1.109277
       _cons |   .1790016   .0341445     5.24   0.000     .1120783     .245925
------------------------------------------------------------------------------


Instrumental variables (2SLS) regression          Number of obs   =     62,613
                                                  Wald chi2(1)    =      90.92
                                                  Prob > chi2     =     0.0000
                                                  R-squared       =     0.0315
                                                  Root MSE        =     .01904

                              (Std. Err. adjusted for 50 clusters in fipstate)
------------------------------------------------------------------------------
             |               Robust
d5_mfg_sh_~p |      Coef.   Std. Err.      z    P>|z|     [95% Conf. Interval]
-------------+----------------------------------------------------------------
      d5_ipw |  -.0049973   .0005241    -9.53   0.000    -.0060245   -.0039701
       _cons |  -.0062894   .0006816    -9.23   0.000    -.0076253   -.0049534
------------------------------------------------------------------------------
Instrumented:  d5_ipw
Instruments:   d5_ipw_o

. 
. ivregress 2sls d5_mfg_sh_wap (d5_ipw=d5_ipw_o) mfg_sh_emp [aw=wt_emp_i], first cluster(fipstate)
(sum of wgt is   1.7721e+09)

First-stage regressions
-----------------------

                                                Number of obs     =     62,613
                                                No. of clusters   =         50
                                                F(   2,  62610)   =     691.45
                                                Prob > F          =     0.0000
                                                R-squared         =     0.7298
                                                Adj R-squared     =     0.7298
                                                Root MSE          =     0.6789

------------------------------------------------------------------------------
             |               Robust
      d5_ipw |      Coef.   Std. Err.      t    P>|t|     [95% Conf. Interval]
-------------+----------------------------------------------------------------
  mfg_sh_emp |   .6412282   .1662317     3.86   0.000     .3154137    .9670427
    d5_ipw_o |   1.003748   .0487488    20.59   0.000     .9082007    1.099296
       _cons |   .1016358   .0265652     3.83   0.000      .049568    .1537036
------------------------------------------------------------------------------


Instrumental variables (2SLS) regression          Number of obs   =     62,613
                                                  Wald chi2(2)    =      96.19
                                                  Prob > chi2     =     0.0000
                                                  R-squared       =     0.0882
                                                  Root MSE        =     .01848

                              (Std. Err. adjusted for 50 clusters in fipstate)
------------------------------------------------------------------------------
             |               Robust
d5_mfg_sh_~p |      Coef.   Std. Err.      z    P>|z|     [95% Conf. Interval]
-------------+----------------------------------------------------------------
      d5_ipw |  -.0038866   .0004978    -7.81   0.000    -.0048623   -.0029109
  mfg_sh_emp |  -.0429704   .0077719    -5.53   0.000     -.058203   -.0277378
       _cons |  -.0013037   .0010294    -1.27   0.205    -.0033213     .000714
------------------------------------------------------------------------------
Instrumented:  d5_ipw
Instruments:   mfg_sh_emp d5_ipw_o

. 
. ********************************************************************************************************** 
. * add HHI @ 2-digit NAICS
. ********************************************************************************************************** 
. ivregress 2sls d5_mfg_sh_wap (d5_ipw=d5_ipw_o) hhi_2  [aw=wt_emp_i], first cluster(fipstate)
(sum of wgt is   1.7721e+09)

First-stage regressions
-----------------------

                                                Number of obs     =     62,613
                                                No. of clusters   =         50
                                                F(   2,  62610)   =     257.16
                                                Prob > F          =     0.0000
                                                R-squared         =     0.7282
                                                Adj R-squared     =     0.7282
                                                Root MSE          =     0.6809

------------------------------------------------------------------------------
             |               Robust
      d5_ipw |      Coef.   Std. Err.      t    P>|t|     [95% Conf. Interval]
-------------+----------------------------------------------------------------
       hhi_2 |   .9274035   .4867007     1.91   0.057    -.0265308    1.881338
    d5_ipw_o |   1.019288    .044979    22.66   0.000     .9311292    1.107447
       _cons |   .0997071   .0575685     1.73   0.083    -.0131273    .2125415
------------------------------------------------------------------------------


Instrumental variables (2SLS) regression          Number of obs   =     62,613
                                                  Wald chi2(2)    =      99.67
                                                  Prob > chi2     =     0.0000
                                                  R-squared       =     0.0321
                                                  Root MSE        =     .01904

                              (Std. Err. adjusted for 50 clusters in fipstate)
------------------------------------------------------------------------------
             |               Robust
d5_mfg_sh_~p |      Coef.   Std. Err.      z    P>|z|     [95% Conf. Interval]
-------------+----------------------------------------------------------------
      d5_ipw |  -.0049792   .0005193    -9.59   0.000    -.0059971   -.0039614
       hhi_2 |  -.0124302   .0168809    -0.74   0.462    -.0455162    .0206557
       _cons |  -.0052298   .0015347    -3.41   0.001    -.0082377   -.0022219
------------------------------------------------------------------------------
Instrumented:  d5_ipw
Instruments:   hhi_2 d5_ipw_o

. 
. ivregress 2sls d5_mfg_sh_wap (d5_ipw=d5_ipw_o) hhi_2 mfg_sh_emp  [aw=wt_emp_i], first cluster(fipstate)
(sum of wgt is   1.7721e+09)

First-stage regressions
-----------------------

                                                Number of obs     =     62,613
                                                No. of clusters   =         50
                                                F(   3,  62609)   =     583.12
                                                Prob > F          =     0.0000
                                                R-squared         =     0.7298
                                                Adj R-squared     =     0.7298
                                                Root MSE          =     0.6789

------------------------------------------------------------------------------
             |               Robust
      d5_ipw |      Coef.   Std. Err.      t    P>|t|     [95% Conf. Interval]
-------------+----------------------------------------------------------------
       hhi_2 |    .190773   .4746734     0.40   0.688    -.7395877    1.121134
  mfg_sh_emp |   .6215785   .1842037     3.37   0.001     .2605389    .9826181
    d5_ipw_o |   1.003984   .0490002    20.49   0.000     .9079432    1.100024
       _cons |   .0876952   .0532231     1.65   0.099    -.0166223    .1920126
------------------------------------------------------------------------------


Instrumental variables (2SLS) regression          Number of obs   =     62,613
                                                  Wald chi2(3)    =     135.86
                                                  Prob > chi2     =     0.0000
                                                  R-squared       =     0.0920
                                                  Root MSE        =     .01844

                              (Std. Err. adjusted for 50 clusters in fipstate)
------------------------------------------------------------------------------
             |               Robust
d5_mfg_sh_~p |      Coef.   Std. Err.      z    P>|z|     [95% Conf. Interval]
-------------+----------------------------------------------------------------
      d5_ipw |  -.0038342   .0004838    -7.93   0.000    -.0047824   -.0028861
       hhi_2 |   .0426818   .0111485     3.83   0.000     .0208311    .0645324
  mfg_sh_emp |  -.0474002   .0080985    -5.85   0.000    -.0632729   -.0315275
       _cons |  -.0044279   .0013373    -3.31   0.001     -.007049   -.0018069
------------------------------------------------------------------------------
Instrumented:  d5_ipw
Instruments:   hhi_2 mfg_sh_emp d5_ipw_o

. 
. ********************************************************************************************************** 
. * add HHI @ 4-digit NAICS
. ********************************************************************************************************** 
. ivregress 2sls d5_mfg_sh_wap (d5_ipw=d5_ipw_o) hhi_4  [aw=wt_emp_i], first cluster(fipstate)
(sum of wgt is   1.7721e+09)

First-stage regressions
-----------------------

                                                Number of obs     =     62,613
                                                No. of clusters   =         50
                                                F(   2,  62610)   =     255.66
                                                Prob > F          =     0.0000
                                                R-squared         =     0.7279
                                                Adj R-squared     =     0.7278
                                                Root MSE          =     0.6813

------------------------------------------------------------------------------
             |               Robust
      d5_ipw |      Coef.   Std. Err.      t    P>|t|     [95% Conf. Interval]
-------------+----------------------------------------------------------------
       hhi_4 |   .4332552   .5615244     0.77   0.440    -.6673336    1.533844
    d5_ipw_o |   1.020088   .0452052    22.57   0.000     .9314861    1.108691
       _cons |   .1697934   .0363636     4.67   0.000     .0985206    .2410661
------------------------------------------------------------------------------


Instrumental variables (2SLS) regression          Number of obs   =     62,613
                                                  Wald chi2(2)    =      89.07
                                                  Prob > chi2     =     0.0000
                                                  R-squared       =     0.0342
                                                  Root MSE        =     .01902

                              (Std. Err. adjusted for 50 clusters in fipstate)
------------------------------------------------------------------------------
             |               Robust
d5_mfg_sh_~p |      Coef.   Std. Err.      z    P>|z|     [95% Conf. Interval]
-------------+----------------------------------------------------------------
      d5_ipw |  -.0049441    .000524    -9.44   0.000    -.0059711   -.0039171
       hhi_4 |  -.0408283   .0210522    -1.94   0.052    -.0820898    .0004333
       _cons |  -.0054311    .000748    -7.26   0.000    -.0068972    -.003965
------------------------------------------------------------------------------
Instrumented:  d5_ipw
Instruments:   hhi_4 d5_ipw_o

. 
. ivregress 2sls d5_mfg_sh_wap (d5_ipw=d5_ipw_o) hhi_4 mfg_sh_emp  [aw=wt_emp_i], first cluster(fipstate)
(sum of wgt is   1.7721e+09)

First-stage regressions
-----------------------

                                                Number of obs     =     62,613
                                                No. of clusters   =         50
                                                F(   3,  62609)   =     637.47
                                                Prob > F          =     0.0000
                                                R-squared         =     0.7298
                                                Adj R-squared     =     0.7298
                                                Root MSE          =     0.6789

------------------------------------------------------------------------------
             |               Robust
      d5_ipw |      Coef.   Std. Err.      t    P>|t|     [95% Conf. Interval]
-------------+----------------------------------------------------------------
       hhi_4 |  -.4178158    .490377    -0.85   0.394    -1.378956    .5433241
  mfg_sh_emp |   .6685447    .170092     3.93   0.000      .335164    1.001925
    d5_ipw_o |   1.003583   .0488699    20.54   0.000     .9077982    1.099368
       _cons |   .1072201   .0302673     3.54   0.000     .0478962     .166544
------------------------------------------------------------------------------


Instrumental variables (2SLS) regression          Number of obs   =     62,613
                                                  Wald chi2(3)    =     100.31
                                                  Prob > chi2     =     0.0000
                                                  R-squared       =     0.0886
                                                  Root MSE        =     .01847

                              (Std. Err. adjusted for 50 clusters in fipstate)
------------------------------------------------------------------------------
             |               Robust
d5_mfg_sh_~p |      Coef.   Std. Err.      z    P>|z|     [95% Conf. Interval]
-------------+----------------------------------------------------------------
      d5_ipw |  -.0038809   .0004965    -7.82   0.000     -.004854   -.0029078
       hhi_4 |   .0146361   .0146436     1.00   0.318    -.0140648     .043337
  mfg_sh_emp |   -.043931   .0080362    -5.47   0.000    -.0596815   -.0281804
       _cons |  -.0014999   .0010337    -1.45   0.147    -.0035258    .0005261
------------------------------------------------------------------------------
Instrumented:  d5_ipw
Instruments:   hhi_4 mfg_sh_emp d5_ipw_o

. 
. 
. * replace d5_mfg_sh_wap with d5_emp_i_sh_wap
. 
. ********************************************************************************************************** 
. * table 3 d5_emp_i_sh_wap
. ********************************************************************************************************** 
. ivregress 2sls d5_emp_i_sh_wap (d5_ipw=d5_ipw_o) [aw=wt_emp_i], first cluster(fipstate)
(sum of wgt is   1.7721e+09)

First-stage regressions
-----------------------

                                                Number of obs     =     62,613
                                                No. of clusters   =         50
                                                F(   1,  62611)   =     509.67
                                                Prob > F          =     0.0000
                                                R-squared         =     0.7278
                                                Adj R-squared     =     0.7278
                                                Root MSE          =     0.6814

------------------------------------------------------------------------------
             |               Robust
      d5_ipw |      Coef.   Std. Err.      t    P>|t|     [95% Conf. Interval]
-------------+----------------------------------------------------------------
    d5_ipw_o |   1.020664   .0452103    22.58   0.000     .9320522    1.109277
       _cons |   .1790016   .0341445     5.24   0.000     .1120783     .245925
------------------------------------------------------------------------------


Instrumental variables (2SLS) regression          Number of obs   =     62,613
                                                  Wald chi2(1)    =      71.26
                                                  Prob > chi2     =     0.0000
                                                  R-squared       =          .
                                                  Root MSE        =     .06422

                              (Std. Err. adjusted for 50 clusters in fipstate)
------------------------------------------------------------------------------
             |               Robust
d5_emp_i_s~p |      Coef.   Std. Err.      z    P>|z|     [95% Conf. Interval]
-------------+----------------------------------------------------------------
      d5_ipw |  -.0133879    .001586    -8.44   0.000    -.0164963   -.0102794
       _cons |   .0184941   .0028623     6.46   0.000     .0128842     .024104
------------------------------------------------------------------------------
Instrumented:  d5_ipw
Instruments:   d5_ipw_o

. 
. ivregress 2sls d5_emp_i_sh_wap (d5_ipw=d5_ipw_o) mfg_sh_emp [aw=wt_emp_i], first cluster(fipstate)
(sum of wgt is   1.7721e+09)

First-stage regressions
-----------------------

                                                Number of obs     =     62,613
                                                No. of clusters   =         50
                                                F(   2,  62610)   =     691.45
                                                Prob > F          =     0.0000
                                                R-squared         =     0.7298
                                                Adj R-squared     =     0.7298
                                                Root MSE          =     0.6789

------------------------------------------------------------------------------
             |               Robust
      d5_ipw |      Coef.   Std. Err.      t    P>|t|     [95% Conf. Interval]
-------------+----------------------------------------------------------------
  mfg_sh_emp |   .6412282   .1662317     3.86   0.000     .3154137    .9670427
    d5_ipw_o |   1.003748   .0487488    20.59   0.000     .9082007    1.099296
       _cons |   .1016358   .0265652     3.83   0.000      .049568    .1537036
------------------------------------------------------------------------------


Instrumental variables (2SLS) regression          Number of obs   =     62,613
                                                  Wald chi2(2)    =      72.69
                                                  Prob > chi2     =     0.0000
                                                  R-squared       =          .
                                                  Root MSE        =     .06426

                              (Std. Err. adjusted for 50 clusters in fipstate)
------------------------------------------------------------------------------
             |               Robust
d5_emp_i_s~p |      Coef.   Std. Err.      z    P>|z|     [95% Conf. Interval]
-------------+----------------------------------------------------------------
      d5_ipw |  -.0151354   .0017849    -8.48   0.000    -.0186338   -.0116371
  mfg_sh_emp |   .0676111   .0218515     3.09   0.002      .024783    .1104392
       _cons |   .0106494   .0040209     2.65   0.008     .0027687    .0185302
------------------------------------------------------------------------------
Instrumented:  d5_ipw
Instruments:   mfg_sh_emp d5_ipw_o

. 
. ********************************************************************************************************** 
. * add HHI @ 2-digit NAICS
. ********************************************************************************************************** 
. ivregress 2sls d5_emp_i_sh_wap (d5_ipw=d5_ipw_o) hhi_2 [aw=wt_emp_i], first cluster(fipstate)
(sum of wgt is   1.7721e+09)

First-stage regressions
-----------------------

                                                Number of obs     =     62,613
                                                No. of clusters   =         50
                                                F(   2,  62610)   =     257.16
                                                Prob > F          =     0.0000
                                                R-squared         =     0.7282
                                                Adj R-squared     =     0.7282
                                                Root MSE          =     0.6809

------------------------------------------------------------------------------
             |               Robust
      d5_ipw |      Coef.   Std. Err.      t    P>|t|     [95% Conf. Interval]
-------------+----------------------------------------------------------------
       hhi_2 |   .9274035   .4867007     1.91   0.057    -.0265308    1.881338
    d5_ipw_o |   1.019288    .044979    22.66   0.000     .9311292    1.107447
       _cons |   .0997071   .0575685     1.73   0.083    -.0131273    .2125415
------------------------------------------------------------------------------


Instrumental variables (2SLS) regression          Number of obs   =     62,613
                                                  Wald chi2(2)    =      73.45
                                                  Prob > chi2     =     0.0000
                                                  R-squared       =          .
                                                  Root MSE        =     .06421

                              (Std. Err. adjusted for 50 clusters in fipstate)
------------------------------------------------------------------------------
             |               Robust
d5_emp_i_s~p |      Coef.   Std. Err.      z    P>|z|     [95% Conf. Interval]
-------------+----------------------------------------------------------------
      d5_ipw |  -.0133418    .001609    -8.29   0.000    -.0164953   -.0101882
       hhi_2 |  -.0317183   .0317346    -1.00   0.318    -.0939169    .0304803
       _cons |   .0211978   .0031734     6.68   0.000     .0149781    .0274175
------------------------------------------------------------------------------
Instrumented:  d5_ipw
Instruments:   hhi_2 d5_ipw_o

. 
. ivregress 2sls d5_emp_i_sh_wap (d5_ipw=d5_ipw_o) hhi_2 mfg_sh_emp [aw=wt_emp_i], first cluster(fipstate)
(sum of wgt is   1.7721e+09)

First-stage regressions
-----------------------

                                                Number of obs     =     62,613
                                                No. of clusters   =         50
                                                F(   3,  62609)   =     583.12
                                                Prob > F          =     0.0000
                                                R-squared         =     0.7298
                                                Adj R-squared     =     0.7298
                                                Root MSE          =     0.6789

------------------------------------------------------------------------------
             |               Robust
      d5_ipw |      Coef.   Std. Err.      t    P>|t|     [95% Conf. Interval]
-------------+----------------------------------------------------------------
       hhi_2 |    .190773   .4746734     0.40   0.688    -.7395877    1.121134
  mfg_sh_emp |   .6215785   .1842037     3.37   0.001     .2605389    .9826181
    d5_ipw_o |   1.003984   .0490002    20.49   0.000     .9079432    1.100024
       _cons |   .0876952   .0532231     1.65   0.099    -.0166223    .1920126
------------------------------------------------------------------------------


Instrumental variables (2SLS) regression          Number of obs   =     62,613
                                                  Wald chi2(3)    =      75.74
                                                  Prob > chi2     =     0.0000
                                                  R-squared       =          .
                                                  Root MSE        =     .06421

                              (Std. Err. adjusted for 50 clusters in fipstate)
------------------------------------------------------------------------------
             |               Robust
d5_emp_i_s~p |      Coef.   Std. Err.      z    P>|z|     [95% Conf. Interval]
-------------+----------------------------------------------------------------
      d5_ipw |  -.0152896   .0018467    -8.28   0.000     -.018909   -.0116701
       hhi_2 |  -.1254704   .0498864    -2.52   0.012     -.223246   -.0276948
  mfg_sh_emp |   .0806335   .0256239     3.15   0.002     .0304115    .1308555
       _cons |   .0198338    .002654     7.47   0.000      .014632    .0250356
------------------------------------------------------------------------------
Instrumented:  d5_ipw
Instruments:   hhi_2 mfg_sh_emp d5_ipw_o

. 
. ********************************************************************************************************** 
. * add HHI @ 4-digit NAICS
. ********************************************************************************************************** 
. ivregress 2sls d5_emp_i_sh_wap (d5_ipw=d5_ipw_o) hhi_4 [aw=wt_emp_i], first cluster(fipstate)
(sum of wgt is   1.7721e+09)

First-stage regressions
-----------------------

                                                Number of obs     =     62,613
                                                No. of clusters   =         50
                                                F(   2,  62610)   =     255.66
                                                Prob > F          =     0.0000
                                                R-squared         =     0.7279
                                                Adj R-squared     =     0.7278
                                                Root MSE          =     0.6813

------------------------------------------------------------------------------
             |               Robust
      d5_ipw |      Coef.   Std. Err.      t    P>|t|     [95% Conf. Interval]
-------------+----------------------------------------------------------------
       hhi_4 |   .4332552   .5615244     0.77   0.440    -.6673336    1.533844
    d5_ipw_o |   1.020088   .0452052    22.57   0.000     .9314861    1.108691
       _cons |   .1697934   .0363636     4.67   0.000     .0985206    .2410661
------------------------------------------------------------------------------


Instrumental variables (2SLS) regression          Number of obs   =     62,613
                                                  Wald chi2(2)    =     103.23
                                                  Prob > chi2     =     0.0000
                                                  R-squared       =     0.0060
                                                  Root MSE        =     .06401

                              (Std. Err. adjusted for 50 clusters in fipstate)
------------------------------------------------------------------------------
             |               Robust
d5_emp_i_s~p |      Coef.   Std. Err.      z    P>|z|     [95% Conf. Interval]
-------------+----------------------------------------------------------------
      d5_ipw |  -.0130954   .0016496    -7.94   0.000    -.0163286   -.0098622
       hhi_4 |  -.2245561    .033287    -6.75   0.000    -.2897975   -.1593147
       _cons |   .0232144   .0027742     8.37   0.000      .017777    .0286518
------------------------------------------------------------------------------
Instrumented:  d5_ipw
Instruments:   hhi_4 d5_ipw_o

. 
. ivregress 2sls d5_emp_i_sh_wap (d5_ipw=d5_ipw_o) hhi_4 mfg_sh_emp [aw=wt_emp_i], first cluster(fipstate)
(sum of wgt is   1.7721e+09)

First-stage regressions
-----------------------

                                                Number of obs     =     62,613
                                                No. of clusters   =         50
                                                F(   3,  62609)   =     637.47
                                                Prob > F          =     0.0000
                                                R-squared         =     0.7298
                                                Adj R-squared     =     0.7298
                                                Root MSE          =     0.6789

------------------------------------------------------------------------------
             |               Robust
      d5_ipw |      Coef.   Std. Err.      t    P>|t|     [95% Conf. Interval]
-------------+----------------------------------------------------------------
       hhi_4 |  -.4178158    .490377    -0.85   0.394    -1.378956    .5433241
  mfg_sh_emp |   .6685447    .170092     3.93   0.000      .335164    1.001925
    d5_ipw_o |   1.003583   .0488699    20.54   0.000     .9077982    1.099368
       _cons |   .1072201   .0302673     3.54   0.000     .0478962     .166544
------------------------------------------------------------------------------


Instrumental variables (2SLS) regression          Number of obs   =     62,613
                                                  Wald chi2(3)    =     115.97
                                                  Prob > chi2     =     0.0000
                                                  R-squared       =     0.0080
                                                  Root MSE        =     .06394

                              (Std. Err. adjusted for 50 clusters in fipstate)
------------------------------------------------------------------------------
             |               Robust
d5_emp_i_s~p |      Coef.   Std. Err.      z    P>|z|     [95% Conf. Interval]
-------------+----------------------------------------------------------------
      d5_ipw |  -.0152685   .0018599    -8.21   0.000    -.0189139   -.0116231
       hhi_4 |  -.3379182   .0490045    -6.90   0.000    -.4339652   -.2418712
  mfg_sh_emp |   .0897893   .0238449     3.77   0.000     .0430542    .1365245
       _cons |   .0151794   .0037612     4.04   0.000     .0078076    .0225513
------------------------------------------------------------------------------
Instrumented:  d5_ipw
Instruments:   hhi_4 mfg_sh_emp d5_ipw_o

. 
. 
. *==========================================================================================================
. *==========================================================================================================
.  
. ********************************************************************************************************** 
. * table 3 d10_mfg_sh_wap
. ********************************************************************************************************** 
. ivregress 2sls d10_mfg_sh_wap (d10_ipw=d10_ipw_o) [aw=wt_emp_i], first cluster(fipstate)
(sum of wgt is   1.3291e+09)

First-stage regressions
-----------------------

                                                Number of obs     =     46,958
                                                No. of clusters   =         50
                                                F(   1,  46956)   =    1191.86
                                                Prob > F          =     0.0000
                                                R-squared         =     0.8886
                                                Adj R-squared     =     0.8886
                                                Root MSE          =     0.7857

------------------------------------------------------------------------------
             |               Robust
     d10_ipw |      Coef.   Std. Err.      t    P>|t|     [95% Conf. Interval]
-------------+----------------------------------------------------------------
   d10_ipw_o |   1.195065   .0346161    34.52   0.000     1.127217    1.262913
       _cons |  -.0360313   .0511664    -0.70   0.481    -.1363182    .0642557
------------------------------------------------------------------------------


Instrumental variables (2SLS) regression          Number of obs   =     46,958
                                                  Wald chi2(1)    =     109.19
                                                  Prob > chi2     =     0.0000
                                                  R-squared       =     0.1305
                                                  Root MSE        =     .02655

                              (Std. Err. adjusted for 50 clusters in fipstate)
------------------------------------------------------------------------------
             |               Robust
d10_mfg_sh~p |      Coef.   Std. Err.      z    P>|z|     [95% Conf. Interval]
-------------+----------------------------------------------------------------
     d10_ipw |  -.0050586   .0004841   -10.45   0.000    -.0060075   -.0041098
       _cons |  -.0153974   .0015461    -9.96   0.000    -.0184276   -.0123672
------------------------------------------------------------------------------
Instrumented:  d10_ipw
Instruments:   d10_ipw_o

. 
. ivregress 2sls d10_mfg_sh_wap (d10_ipw=d10_ipw_o) mfg_sh_emp [aw=wt_emp_i], first cluster(fipstate)
(sum of wgt is   1.3291e+09)

First-stage regressions
-----------------------

                                                Number of obs     =     46,958
                                                No. of clusters   =         50
                                                F(   2,  46955)   =     897.68
                                                Prob > F          =     0.0000
                                                R-squared         =     0.8891
                                                Adj R-squared     =     0.8891
                                                Root MSE          =     0.7839

------------------------------------------------------------------------------
             |               Robust
     d10_ipw |      Coef.   Std. Err.      t    P>|t|     [95% Conf. Interval]
-------------+----------------------------------------------------------------
  mfg_sh_emp |  -.6107414   .2467183    -2.48   0.013    -1.094313   -.1271701
   d10_ipw_o |   1.210058   .0377872    32.02   0.000     1.135995    1.284122
       _cons |   .0295338    .039714     0.74   0.457    -.0483062    .1073739
------------------------------------------------------------------------------


Instrumental variables (2SLS) regression          Number of obs   =     46,958
                                                  Wald chi2(2)    =     101.77
                                                  Prob > chi2     =     0.0000
                                                  R-squared       =     0.2632
                                                  Root MSE        =     .02444

                              (Std. Err. adjusted for 50 clusters in fipstate)
------------------------------------------------------------------------------
             |               Robust
d10_mfg_sh~p |      Coef.   Std. Err.      z    P>|z|     [95% Conf. Interval]
-------------+----------------------------------------------------------------
     d10_ipw |  -.0027403   .0004446    -6.16   0.000    -.0036117    -.001869
  mfg_sh_emp |  -.1128512    .015149    -7.45   0.000    -.1425427   -.0831597
       _cons |  -.0031989   .0021163    -1.51   0.131    -.0073468     .000949
------------------------------------------------------------------------------
Instrumented:  d10_ipw
Instruments:   mfg_sh_emp d10_ipw_o

. 
. ********************************************************************************************************** 
. * add HHI @ 2-digit NAICS
. ********************************************************************************************************** 
. ivregress 2sls d10_mfg_sh_wap (d10_ipw=d10_ipw_o) hhi_2  [aw=wt_emp_i], first cluster(fipstate)
(sum of wgt is   1.3291e+09)

First-stage regressions
-----------------------

                                                Number of obs     =     46,958
                                                No. of clusters   =         50
                                                F(   2,  46955)   =     704.17
                                                Prob > F          =     0.0000
                                                R-squared         =     0.8888
                                                Adj R-squared     =     0.8888
                                                Root MSE          =     0.7851

------------------------------------------------------------------------------
             |               Robust
     d10_ipw |      Coef.   Std. Err.      t    P>|t|     [95% Conf. Interval]
-------------+----------------------------------------------------------------
       hhi_2 |  -1.133016   .5544657    -2.04   0.041    -2.219777   -.0462553
   d10_ipw_o |   1.197698   .0340791    35.14   0.000     1.130902    1.264493
       _cons |   .0570113   .0791037     0.72   0.471    -.0980331    .2120556
------------------------------------------------------------------------------


Instrumental variables (2SLS) regression          Number of obs   =     46,958
                                                  Wald chi2(2)    =     107.66
                                                  Prob > chi2     =     0.0000
                                                  R-squared       =     0.1369
                                                  Root MSE        =     .02645

                              (Std. Err. adjusted for 50 clusters in fipstate)
------------------------------------------------------------------------------
             |               Robust
d10_mfg_sh~p |      Coef.   Std. Err.      z    P>|z|     [95% Conf. Interval]
-------------+----------------------------------------------------------------
     d10_ipw |  -.0049119   .0004739   -10.36   0.000    -.0058408    -.003983
       hhi_2 |  -.0754619   .0389797    -1.94   0.053    -.1518608    .0009369
       _cons |  -.0091952   .0032591    -2.82   0.005    -.0155829   -.0028076
------------------------------------------------------------------------------
Instrumented:  d10_ipw
Instruments:   hhi_2 d10_ipw_o

. 
. ivregress 2sls d10_mfg_sh_wap (d10_ipw=d10_ipw_o) hhi_2 mfg_sh_emp  [aw=wt_emp_i], first cluster(fipstate)
(sum of wgt is   1.3291e+09)

First-stage regressions
-----------------------

                                                Number of obs     =     46,958
                                                No. of clusters   =         50
                                                F(   3,  46954)   =     804.52
                                                Prob > F          =     0.0000
                                                R-squared         =     0.8891
                                                Adj R-squared     =     0.8891
                                                Root MSE          =     0.7838

------------------------------------------------------------------------------
             |               Robust
     d10_ipw |      Coef.   Std. Err.      t    P>|t|     [95% Conf. Interval]
-------------+----------------------------------------------------------------
       hhi_2 |  -.4758216   .7266316    -0.65   0.513     -1.90003    .9483869
  mfg_sh_emp |  -.5555623    .293085    -1.90   0.058    -1.130013    .0188884
   d10_ipw_o |   1.209809   .0380543    31.79   0.000     1.135222    1.284396
       _cons |   .0626843   .0774987     0.81   0.419    -.0892142    .2145829
------------------------------------------------------------------------------


Instrumental variables (2SLS) regression          Number of obs   =     46,958
                                                  Wald chi2(3)    =     129.88
                                                  Prob > chi2     =     0.0000
                                                  R-squared       =     0.2671
                                                  Root MSE        =     .02437

                              (Std. Err. adjusted for 50 clusters in fipstate)
------------------------------------------------------------------------------
             |               Robust
d10_mfg_sh~p |      Coef.   Std. Err.      z    P>|z|     [95% Conf. Interval]
-------------+----------------------------------------------------------------
     d10_ipw |    -.00271   .0004324    -6.27   0.000    -.0035575   -.0018626
       hhi_2 |   .0701267   .0206405     3.40   0.001     .0296721    .1105812
  mfg_sh_emp |   -.120965   .0158402    -7.64   0.000    -.1520113   -.0899188
       _cons |  -.0080855   .0025623    -3.16   0.002    -.0131076   -.0030635
------------------------------------------------------------------------------
Instrumented:  d10_ipw
Instruments:   hhi_2 mfg_sh_emp d10_ipw_o

. 
. ********************************************************************************************************** 
. * add HHI @ 4-digit NAICS
. ********************************************************************************************************** 
. ivregress 2sls d10_mfg_sh_wap (d10_ipw=d10_ipw_o) hhi_4  [aw=wt_emp_i], first cluster(fipstate)
(sum of wgt is   1.3291e+09)

First-stage regressions
-----------------------

                                                Number of obs     =     46,958
                                                No. of clusters   =         50
                                                F(   2,  46955)   =     706.99
                                                Prob > F          =     0.0000
                                                R-squared         =     0.8894
                                                Adj R-squared     =     0.8894
                                                Root MSE          =     0.7829

------------------------------------------------------------------------------
             |               Robust
     d10_ipw |      Coef.   Std. Err.      t    P>|t|     [95% Conf. Interval]
-------------+----------------------------------------------------------------
       hhi_4 |  -3.179706   .9083543    -3.50   0.000    -4.960094   -1.399319
   d10_ipw_o |   1.199834   .0339551    35.34   0.000     1.133281    1.266386
       _cons |   .0261802   .0595413     0.44   0.660    -.0905216     .142882
------------------------------------------------------------------------------


Instrumental variables (2SLS) regression          Number of obs   =     46,958
                                                  Wald chi2(2)    =     107.08
                                                  Prob > chi2     =     0.0000
                                                  R-squared       =     0.1368
                                                  Root MSE        =     .02645

                              (Std. Err. adjusted for 50 clusters in fipstate)
------------------------------------------------------------------------------
             |               Robust
d10_mfg_sh~p |      Coef.   Std. Err.      z    P>|z|     [95% Conf. Interval]
-------------+----------------------------------------------------------------
     d10_ipw |  -.0049351   .0004769   -10.35   0.000    -.0058698   -.0040004
       hhi_4 |  -.0984391    .046249    -2.13   0.033    -.1890855   -.0077927
       _cons |   -.013467   .0016464    -8.18   0.000    -.0166939     -.01024
------------------------------------------------------------------------------
Instrumented:  d10_ipw
Instruments:   hhi_4 d10_ipw_o

. 
. ivregress 2sls d10_mfg_sh_wap (d10_ipw=d10_ipw_o) hhi_4 mfg_sh_emp  [aw=wt_emp_i], first cluster(fipstate)
(sum of wgt is   1.3291e+09)

First-stage regressions
-----------------------

                                                Number of obs     =     46,958
                                                No. of clusters   =         50
                                                F(   3,  46954)   =     866.43
                                                Prob > F          =     0.0000
                                                R-squared         =     0.8896
                                                Adj R-squared     =     0.8896
                                                Root MSE          =     0.7821

------------------------------------------------------------------------------
             |               Robust
     d10_ipw |      Coef.   Std. Err.      t    P>|t|     [95% Conf. Interval]
-------------+----------------------------------------------------------------
       hhi_4 |  -2.685715    .980814    -2.74   0.006    -4.608124   -.7633049
  mfg_sh_emp |   -.429364   .2716421    -1.58   0.114    -.9617865    .1030584
   d10_ipw_o |   1.209634   .0380014    31.83   0.000      1.13515    1.284117
       _cons |   .0626088   .0466632     1.34   0.180    -.0288518    .1540695
------------------------------------------------------------------------------


Instrumental variables (2SLS) regression          Number of obs   =     46,958
                                                  Wald chi2(3)    =     105.71
                                                  Prob > chi2     =     0.0000
                                                  R-squared       =     0.2640
                                                  Root MSE        =     .02442

                              (Std. Err. adjusted for 50 clusters in fipstate)
------------------------------------------------------------------------------
             |               Robust
d10_mfg_sh~p |      Coef.   Std. Err.      z    P>|z|     [95% Conf. Interval]
-------------+----------------------------------------------------------------
     d10_ipw |  -.0027349   .0004387    -6.23   0.000    -.0035947   -.0018751
       hhi_4 |   .0416248   .0284002     1.47   0.143    -.0140387    .0972882
  mfg_sh_emp |   -.115659   .0154304    -7.50   0.000    -.1459021   -.0854159
       _cons |  -.0037117   .0021248    -1.75   0.081    -.0078763    .0004529
------------------------------------------------------------------------------
Instrumented:  d10_ipw
Instruments:   hhi_4 mfg_sh_emp d10_ipw_o

. 
. * replace d10_mfg_sh_wap with d10_emp_i_sh_wap
. 
. ********************************************************************************************************** 
. * table 3 d10_emp_i_sh_wap
. ********************************************************************************************************** 
. ivregress 2sls d10_emp_i_sh_wap (d10_ipw=d10_ipw_o) [aw=wt_emp_i], first cluster(fipstate)
(sum of wgt is   1.3291e+09)

First-stage regressions
-----------------------

                                                Number of obs     =     46,958
                                                No. of clusters   =         50
                                                F(   1,  46956)   =    1191.86
                                                Prob > F          =     0.0000
                                                R-squared         =     0.8886
                                                Adj R-squared     =     0.8886
                                                Root MSE          =     0.7857

------------------------------------------------------------------------------
             |               Robust
     d10_ipw |      Coef.   Std. Err.      t    P>|t|     [95% Conf. Interval]
-------------+----------------------------------------------------------------
   d10_ipw_o |   1.195065   .0346161    34.52   0.000     1.127217    1.262913
       _cons |  -.0360313   .0511664    -0.70   0.481    -.1363182    .0642557
------------------------------------------------------------------------------


Instrumental variables (2SLS) regression          Number of obs   =     46,958
                                                  Wald chi2(1)    =      65.79
                                                  Prob > chi2     =     0.0000
                                                  R-squared       =     0.0139
                                                  Root MSE        =     .07956

                              (Std. Err. adjusted for 50 clusters in fipstate)
------------------------------------------------------------------------------
             |               Robust
d10_emp_i_~p |      Coef.   Std. Err.      z    P>|z|     [95% Conf. Interval]
-------------+----------------------------------------------------------------
     d10_ipw |   -.006692   .0008251    -8.11   0.000    -.0083091   -.0050749
       _cons |   .0079955   .0048459     1.65   0.099    -.0015023    .0174934
------------------------------------------------------------------------------
Instrumented:  d10_ipw
Instruments:   d10_ipw_o

. 
. ivregress 2sls d10_emp_i_sh_wap (d10_ipw=d10_ipw_o) mfg_sh_emp [aw=wt_emp_i], first cluster(fipstate)
(sum of wgt is   1.3291e+09)

First-stage regressions
-----------------------

                                                Number of obs     =     46,958
                                                No. of clusters   =         50
                                                F(   2,  46955)   =     897.68
                                                Prob > F          =     0.0000
                                                R-squared         =     0.8891
                                                Adj R-squared     =     0.8891
                                                Root MSE          =     0.7839

------------------------------------------------------------------------------
             |               Robust
     d10_ipw |      Coef.   Std. Err.      t    P>|t|     [95% Conf. Interval]
-------------+----------------------------------------------------------------
  mfg_sh_emp |  -.6107414   .2467183    -2.48   0.013    -1.094313   -.1271701
   d10_ipw_o |   1.210058   .0377872    32.02   0.000     1.135995    1.284122
       _cons |   .0295338    .039714     0.74   0.457    -.0483062    .1073739
------------------------------------------------------------------------------


Instrumental variables (2SLS) regression          Number of obs   =     46,958
                                                  Wald chi2(2)    =      78.31
                                                  Prob > chi2     =     0.0000
                                                  R-squared       =     0.0127
                                                  Root MSE        =     .07961

                              (Std. Err. adjusted for 50 clusters in fipstate)
------------------------------------------------------------------------------
             |               Robust
d10_emp_i_~p |      Coef.   Std. Err.      z    P>|z|     [95% Conf. Interval]
-------------+----------------------------------------------------------------
     d10_ipw |  -.0075637   .0009057    -8.35   0.000    -.0093388   -.0057887
  mfg_sh_emp |   .0424337   .0358475     1.18   0.237    -.0278261    .1126935
       _cons |   .0034087   .0072504     0.47   0.638    -.0108018    .0176192
------------------------------------------------------------------------------
Instrumented:  d10_ipw
Instruments:   mfg_sh_emp d10_ipw_o

. 
. ********************************************************************************************************** 
. * add HHI @ 2-digit NAICS
. ********************************************************************************************************** 
. ivregress 2sls d10_emp_i_sh_wap (d10_ipw=d10_ipw_o) hhi_2 [aw=wt_emp_i], first cluster(fipstate)
(sum of wgt is   1.3291e+09)

First-stage regressions
-----------------------

                                                Number of obs     =     46,958
                                                No. of clusters   =         50
                                                F(   2,  46955)   =     704.17
                                                Prob > F          =     0.0000
                                                R-squared         =     0.8888
                                                Adj R-squared     =     0.8888
                                                Root MSE          =     0.7851

------------------------------------------------------------------------------
             |               Robust
     d10_ipw |      Coef.   Std. Err.      t    P>|t|     [95% Conf. Interval]
-------------+----------------------------------------------------------------
       hhi_2 |  -1.133016   .5544657    -2.04   0.041    -2.219777   -.0462553
   d10_ipw_o |   1.197698   .0340791    35.14   0.000     1.130902    1.264493
       _cons |   .0570113   .0791037     0.72   0.471    -.0980331    .2120556
------------------------------------------------------------------------------


Instrumental variables (2SLS) regression          Number of obs   =     46,958
                                                  Wald chi2(2)    =      71.82
                                                  Prob > chi2     =     0.0000
                                                  R-squared       =     0.0142
                                                  Root MSE        =     .07955

                              (Std. Err. adjusted for 50 clusters in fipstate)
------------------------------------------------------------------------------
             |               Robust
d10_emp_i_~p |      Coef.   Std. Err.      z    P>|z|     [95% Conf. Interval]
-------------+----------------------------------------------------------------
     d10_ipw |  -.0066426   .0008715    -7.62   0.000    -.0083508   -.0049345
       hhi_2 |  -.0254127   .0707843    -0.36   0.720    -.1641473    .1133219
       _cons |   .0100842   .0056921     1.77   0.076    -.0010722    .0212405
------------------------------------------------------------------------------
Instrumented:  d10_ipw
Instruments:   hhi_2 d10_ipw_o

. 
. ivregress 2sls d10_emp_i_sh_wap (d10_ipw=d10_ipw_o) hhi_2 mfg_sh_emp [aw=wt_emp_i], first cluster(fipstate)
(sum of wgt is   1.3291e+09)

First-stage regressions
-----------------------

                                                Number of obs     =     46,958
                                                No. of clusters   =         50
                                                F(   3,  46954)   =     804.52
                                                Prob > F          =     0.0000
                                                R-squared         =     0.8891
                                                Adj R-squared     =     0.8891
                                                Root MSE          =     0.7838

------------------------------------------------------------------------------
             |               Robust
     d10_ipw |      Coef.   Std. Err.      t    P>|t|     [95% Conf. Interval]
-------------+----------------------------------------------------------------
       hhi_2 |  -.4758216   .7266316    -0.65   0.513     -1.90003    .9483869
  mfg_sh_emp |  -.5555623    .293085    -1.90   0.058    -1.130013    .0188884
   d10_ipw_o |   1.209809   .0380543    31.79   0.000     1.135222    1.284396
       _cons |   .0626843   .0774987     0.81   0.419    -.0892142    .2145829
------------------------------------------------------------------------------


Instrumental variables (2SLS) regression          Number of obs   =     46,958
                                                  Wald chi2(3)    =      81.16
                                                  Prob > chi2     =     0.0000
                                                  R-squared       =     0.0133
                                                  Root MSE        =     .07959

                              (Std. Err. adjusted for 50 clusters in fipstate)
------------------------------------------------------------------------------
             |               Robust
d10_emp_i_~p |      Coef.   Std. Err.      z    P>|z|     [95% Conf. Interval]
-------------+----------------------------------------------------------------
     d10_ipw |  -.0076022   .0009221    -8.24   0.000    -.0094094   -.0057949
       hhi_2 |   -.088858    .101361    -0.88   0.381    -.2875219    .1098059
  mfg_sh_emp |   .0527147   .0438341     1.20   0.229    -.0331984    .1386279
       _cons |   .0096006   .0054025     1.78   0.076    -.0009882    .0201894
------------------------------------------------------------------------------
Instrumented:  d10_ipw
Instruments:   hhi_2 mfg_sh_emp d10_ipw_o

. 
. ********************************************************************************************************** 
. * add HHI @ 4-digit NAICS
. ********************************************************************************************************** 
. ivregress 2sls d10_emp_i_sh_wap (d10_ipw=d10_ipw_o) hhi_4 [aw=wt_emp_i], first cluster(fipstate)
(sum of wgt is   1.3291e+09)

First-stage regressions
-----------------------

                                                Number of obs     =     46,958
                                                No. of clusters   =         50
                                                F(   2,  46955)   =     706.99
                                                Prob > F          =     0.0000
                                                R-squared         =     0.8894
                                                Adj R-squared     =     0.8894
                                                Root MSE          =     0.7829

------------------------------------------------------------------------------
             |               Robust
     d10_ipw |      Coef.   Std. Err.      t    P>|t|     [95% Conf. Interval]
-------------+----------------------------------------------------------------
       hhi_4 |  -3.179706   .9083543    -3.50   0.000    -4.960094   -1.399319
   d10_ipw_o |   1.199834   .0339551    35.34   0.000     1.133281    1.266386
       _cons |   .0261802   .0595413     0.44   0.660    -.0905216     .142882
------------------------------------------------------------------------------


Instrumental variables (2SLS) regression          Number of obs   =     46,958
                                                  Wald chi2(2)    =     104.16
                                                  Prob > chi2     =     0.0000
                                                  R-squared       =     0.0248
                                                  Root MSE        =     .07912

                              (Std. Err. adjusted for 50 clusters in fipstate)
------------------------------------------------------------------------------
             |               Robust
d10_emp_i_~p |      Coef.   Std. Err.      z    P>|z|     [95% Conf. Interval]
-------------+----------------------------------------------------------------
     d10_ipw |  -.0062291   .0008557    -7.28   0.000    -.0079063   -.0045519
       hhi_4 |  -.3688962      .0752    -4.91   0.000    -.5162855   -.2215068
       _cons |   .0152297   .0045903     3.32   0.001     .0062329    .0242265
------------------------------------------------------------------------------
Instrumented:  d10_ipw
Instruments:   hhi_4 d10_ipw_o

. 
. ivregress 2sls d10_emp_i_sh_wap (d10_ipw=d10_ipw_o) hhi_4 mfg_sh_emp [aw=wt_emp_i], first cluster(fipstate)
(sum of wgt is   1.3291e+09)

First-stage regressions
-----------------------

                                                Number of obs     =     46,958
                                                No. of clusters   =         50
                                                F(   3,  46954)   =     866.43
                                                Prob > F          =     0.0000
                                                R-squared         =     0.8896
                                                Adj R-squared     =     0.8896
                                                Root MSE          =     0.7821

------------------------------------------------------------------------------
             |               Robust
     d10_ipw |      Coef.   Std. Err.      t    P>|t|     [95% Conf. Interval]
-------------+----------------------------------------------------------------
       hhi_4 |  -2.685715    .980814    -2.74   0.006    -4.608124   -.7633049
  mfg_sh_emp |   -.429364   .2716421    -1.58   0.114    -.9617865    .1030584
   d10_ipw_o |   1.209634   .0380014    31.83   0.000      1.13515    1.284117
       _cons |   .0626088   .0466632     1.34   0.180    -.0288518    .1540695
------------------------------------------------------------------------------


Instrumental variables (2SLS) regression          Number of obs   =     46,958
                                                  Wald chi2(3)    =     112.49
                                                  Prob > chi2     =     0.0000
                                                  R-squared       =     0.0256
                                                  Root MSE        =     .07909

                              (Std. Err. adjusted for 50 clusters in fipstate)
------------------------------------------------------------------------------
             |               Robust
d10_emp_i_~p |      Coef.   Std. Err.      z    P>|z|     [95% Conf. Interval]
-------------+----------------------------------------------------------------
     d10_ipw |  -.0076236   .0009464    -8.06   0.000    -.0094784   -.0057687
       hhi_4 |  -.4576696   .0947326    -4.83   0.000     -.643342   -.2719971
  mfg_sh_emp |   .0733055   .0399405     1.84   0.066    -.0049765    .1515875
       _cons |   .0090467   .0067133     1.35   0.178     -.004111    .0222045
------------------------------------------------------------------------------
Instrumented:  d10_ipw
Instruments:   hhi_4 mfg_sh_emp d10_ipw_o

. log close
      name:  <unnamed>
       log:  V:\ic\jzhang+\ivreg_overlapping.log
  log type:  text
 closed on:   6 Nov 2020, 15:43:54
----------------------------------------------------------------------------------------------------------------------------------------------------------
